
ROM used:   71/8192 (1%)
            71/8192 (1%) including unused fragments

            0.1 Average locations per line
            11.8 Average locations per statement

RAM used:   7/368 (2%) at main() level
            8/368 (2%) worst case

Stack used: 1 worst case (1 in main + 0 for interrupts)
Stack size: 8

Lines Stmts  %   Files
----- ----- ---  -----
   28     6 100  main.c
  751     0   0  ..\..\..\..\Program Files (x86)\PICC\Devices\16F886.h
----- -----
  779     6 Total

Page ROM  %  RAM   Vol Diff  Functions:
---- --- --- ---   --- ----  ----------
0     20  28    1             @delay_ms1
0     47  66    1    86  1.6  main
 Inline         0             @cinit1

Program metrics:
    Functions               1
    Statements              6
    Comments                145
    Volume (V)              90
    Difficulty (D)          1.4
    Effort to implement (E) 125
    Time to implement (T)   0 minutes
    Est Delivered Bugs (B)  0
    Cyclomatic Complexity   1
    Maintainability (MI)    109

 Segment     Used  Free
-----------  ----  ----
00000-00003     4  0  
00004-007FF    67  1977  
00800-00FFF     0  2048  
01000-017FF     0  2048  
01800-01FFF     0  2048  



